c:\users\suganuma.yutaka.ths50179.001\documents\cw4s\cw4s\debug\vc141.pdb
c:\users\suganuma.yutaka.ths50179.001\documents\cw4s\cw4s\debug\vc141.idb
c:\users\suganuma.yutaka.ths50179.001\documents\cw4s\cw4s\debug\main.obj
c:\users\suganuma.yutaka.ths50179.001\documents\cw4s\cw4s\debug\gameloop.obj
c:\users\suganuma.yutaka.ths50179.001\documents\cw4s\cw4s\debug\cw4s.pdb
c:\users\suganuma.yutaka.ths50179.001\documents\cw4s\cw4s\debug\cw4s.tlog\cl.command.1.tlog
c:\users\suganuma.yutaka.ths50179.001\documents\cw4s\cw4s\debug\cw4s.tlog\cl.read.1.tlog
c:\users\suganuma.yutaka.ths50179.001\documents\cw4s\cw4s\debug\cw4s.tlog\cl.write.1.tlog
c:\users\suganuma.yutaka.ths50179.001\documents\cw4s\cw4s\debug\cw4s.tlog\link-cvtres.read.1.tlog
c:\users\suganuma.yutaka.ths50179.001\documents\cw4s\cw4s\debug\cw4s.tlog\link-cvtres.write.1.tlog
c:\users\suganuma.yutaka.ths50179.001\documents\cw4s\cw4s\debug\cw4s.tlog\link-rc.read.1.tlog
c:\users\suganuma.yutaka.ths50179.001\documents\cw4s\cw4s\debug\cw4s.tlog\link-rc.write.1.tlog
c:\users\suganuma.yutaka.ths50179.001\documents\cw4s\cw4s\debug\cw4s.tlog\link.7496-cvtres.read.1.tlog
c:\users\suganuma.yutaka.ths50179.001\documents\cw4s\cw4s\debug\cw4s.tlog\link.7496-cvtres.write.1.tlog
c:\users\suganuma.yutaka.ths50179.001\documents\cw4s\cw4s\debug\cw4s.tlog\link.7496-rc.read.1.tlog
c:\users\suganuma.yutaka.ths50179.001\documents\cw4s\cw4s\debug\cw4s.tlog\link.7496-rc.write.1.tlog
c:\users\suganuma.yutaka.ths50179.001\documents\cw4s\cw4s\debug\cw4s.tlog\link.7496.read.1.tlog
c:\users\suganuma.yutaka.ths50179.001\documents\cw4s\cw4s\debug\cw4s.tlog\link.7496.write.1.tlog
c:\users\suganuma.yutaka.ths50179.001\documents\cw4s\cw4s\debug\cw4s.tlog\link.command.1.tlog
c:\users\suganuma.yutaka.ths50179.001\documents\cw4s\cw4s\debug\cw4s.tlog\link.read.1.tlog
c:\users\suganuma.yutaka.ths50179.001\documents\cw4s\cw4s\debug\cw4s.tlog\link.write.1.tlog
